<?xml version="1.0" encoding="UTF-8"?>
<Site BuildName="Win32-ninja"
	BuildStamp="20250402-1917-Experimental"
	Name="Mess"
	Generator="ctest-3.31.5"
	CompilerName="C:/msys64/mingw64/bin/g++.exe"
	CompilerVersion="14.2.0"
	OSName="Windows"
	Hostname="Mess"
	OSRelease=" Personal"
	OSVersion=" (Build 19045)"
	OSPlatform="AMD64"
	Is64Bits="1"
	VendorString=""
	VendorID="Unknown Manufacturer"
	FamilyID="0"
	ModelID="0"
	ModelName=""
	ProcessorCacheSize="0"
	NumberOfLogicalCPU="8"
	NumberOfPhysicalCPU="4"
	TotalVirtualMemory="18341"
	TotalPhysicalMemory="8101"
	LogicalProcessorsPerPhysical="2"
	ProcessorClockFrequency="1800"
	>
	<Testing>
		<StartDateTime>Apr 02 16:25 E. South America Standard Time</StartDateTime>
		<StartTestTime>1743621947</StartTestTime>
		<TestList/>
		<EndDateTime>Apr 02 16:25 E. South America Standard Time</EndDateTime>
		<EndTestTime>1743621947</EndTestTime>
		<ElapsedMinutes>0</ElapsedMinutes>
	</Testing>
</Site>
